
Model: intentoffAccuracy: 0.7103
Precision: 0.6364
Recall: 0.6285
F1 Score: 0.5877
Confusion Matrix:
35 0 3 0 0 0 0 1 6 2 3 3 0 0 1 0 0
0 13 0 0 0 0 0 0 0 0 0 0 0 0 0 0 0
0 0 2 0 0 0 0 1 2 0 0 0 0 0 0 0 0
0 0 0 14 0 0 0 0 0 0 0 0 0 0 0 0 0
2 0 0 0 6 0 0 0 3 0 0 0 0 0 0 0 0
0 0 0 0 0 5 0 0 0 0 0 0 0 0 0 0 0
2 0 0 0 0 0 3 0 1 0 0 0 0 0 0 0 0
0 0 0 0 0 0 0 0 0 0 0 0 0 0 0 0 0
0 0 0 0 0 0 0 0 1 0 0 0 0 0 0 0 0
0 0 1 0 0 0 0 0 0 12 0 0 0 1 0 0 0
0 0 0 0 0 0 0 0 0 0 0 0 0 0 0 0 0
0 0 0 0 0 0 1 0 0 0 0 1 0 0 0 0 0
0 0 0 0 0 0 0 0 0 0 0 0 1 0 0 0 0
0 1 0 0 0 0 0 0 0 0 0 0 0 2 0 0 0
0 0 0 0 0 0 1 0 0 0 4 0 0 0 1 0 0
0 0 0 0 0 0 0 0 0 0 0 0 0 0 0 5 0
0 0 0 2 0 0 0 0 0 0 0 0 0 1 0 0 2

//////////////////////////////////////////////////////////////////////////////////////////////

