Class: 1

Confusion Matrix:
[[ 0  0  0  0  0  0  0  0  0  0  0  0  0  0  0]
 [ 0  1  0  0  0  0  0  0  0  0  0  0  0  0  0]
 [ 0  0  0  0  1  1  0  0  0  0  0  0  0  0  0]
 [ 0  0  0  1  0  0  0  0  0  0  0  0  0  0  0]
 [ 0  7  3  0 28  1  2  0  1  0  1  0  2  0  2]
 [ 0  0  0  0  0  0  0  0  0  0  0  0  0  0  0]
 [ 0  0  0  1  0  0  4  0  0  0  0  0  0  0  0]
 [ 0  0  0  0  0  0  0  1  0  0  0  0  0  0  0]
 [ 0  0  0  0  0  0  0  0  0  0  0  0  0  0  0]
 [ 0  0  0  0  0  0  0  0  0  0  0  0  0  0  0]
 [ 0  0  0  0  0  0  0  0  0  0  0  0  0  0  0]
 [ 0  9  1  2  2  0  3  1  3  2  3  0  1  0  1]
 [ 0  0  0  0  0  0  0  0  0  0  0  0  0  0  0]
 [ 0  4  0  0  1  0  4  0  2  1  1  0  1  4  0]
 [ 0  1  0  0  0  0  1  0  2  0  0  0  0  0  0]]

Accuracy: 0.3504
Precision: 0.1986
Recall: 0.3471
F1 Score: 0.1836
time model 1:  771.0538
time model 2:  472.8005
time model 3:  492.2080
time model 4:  1729.4478
time model 5:  734.4942
time model all:  4200.5192
