Class: 1

Confusion Matrix:
[[ 0  0  0  0  0  0  0  0  0  0  0  0  0  0  0]
 [ 0  1  0  0  1  0  0  0  1  0  0  0  0  0  0]
 [ 0  0  0  0  0  1  0  0  0  0  0  0  0  0  0]
 [ 0  0  0  0  0  0  0  0  0  0  0  0  0  0  0]
 [ 0 15  3  1 27  1  8  1  7  3  4  0  3  4  3]
 [ 0  0  0  0  0  0  0  0  0  0  0  0  0  0  0]
 [ 0  3  0  2  0  0  6  1  0  0  0  0  1  0  0]
 [ 0  0  0  0  0  0  0  0  0  0  0  0  0  0  0]
 [ 0  0  0  0  0  0  0  0  0  0  0  0  0  0  0]
 [ 0  0  0  0  1  0  0  0  0  0  0  0  0  0  0]
 [ 0  0  0  0  0  0  0  0  0  0  0  0  0  0  0]
 [ 0  3  1  1  2  0  0  0  0  0  1  0  0  0  0]
 [ 0  0  0  0  0  0  0  0  0  0  0  0  0  0  0]
 [ 0  0  0  0  1  0  0  0  0  0  0  0  0  0  0]
 [ 0  0  0  0  0  0  0  0  0  0  0  0  0  0  0]]

Accuracy: 0.3248
Precision: 0.1101
Recall: 0.1323
F1 Score: 0.1003
