Class: 1

Confusion Matrix:
[[ 0  0  0  0  0  0  0  0  0  0  0  0  0  0  0]
 [ 0  4  0  0  0  0  0  0  0  0  0  0  0  0  0]
 [ 0  0  0  0  1  0  0  0  1  0  0  0  0  0  0]
 [ 0  0  0  2  0  0  0  0  0  0  0  0  0  0  0]
 [ 0  2  0  0 20  1  0  0  0  0  0  0  1  1  2]
 [ 0  0  0  0  0  0  0  0  0  0  0  0  0  0  0]
 [ 0  0  0  0  0  0  4  0  0  0  0  0  0  0  0]
 [ 0  0  0  0  0  0  0  1  0  1  0  0  0  0  0]
 [ 0  4  0  0  0  1  0  0  3  0  0  0  0  1  0]
 [ 0  0  0  0  0  0  0  0  0  0  0  0  0  0  0]
 [ 0  0  0  0  3  0  0  0  0  0  0  0  0  0  0]
 [ 0 12  4  2  5  0 10  1  4  2  5  0  3  1  1]
 [ 0  0  0  0  0  0  0  0  0  0  0  0  0  0  0]
 [ 0  0  0  0  0  0  0  0  0  0  0  0  0  1  0]
 [ 0  0  0  0  0  0  0  0  0  0  0  0  0  0  0]]

Accuracy: 0.3077
Precision: 0.2323
Recall: 0.3619
F1 Score: 0.2331
