Class: 1

Confusion Matrix:
[[ 0  0  0  0  0  0  0  0  0  0  0  0  0  0  0]
 [ 0  1  0  0  0  0  0  0  0  0  0  0  0  0  0]
 [ 0  0  0  0  0  0  0  0  0  0  0  0  0  0  0]
 [ 0  0  0  3  1  0  0  0  0  0  0  0  0  0  0]
 [ 0  7  3  0 17  2  2  0  1  0  0  0  2  0  1]
 [ 0  0  0  0  0  0  0  0  0  0  0  0  0  0  0]
 [ 0  0  0  1  0  0  4  0  0  0  0  0  0  0  0]
 [ 0  0  0  0  0  0  0  0  0  0  0  0  0  0  0]
 [ 0  0  0  0  0  0  0  0  0  0  0  0  0  0  0]
 [ 0  0  0  0  0  0  0  0  0  0  0  0  0  0  0]
 [ 0  0  0  0  0  0  0  0  0  0  0  0  0  0  0]
 [ 0  5  0  0  1  0  1  1  3  1  0  0  1  0  1]
 [ 0  0  0  0  0  0  0  0  0  0  0  0  0  0  0]
 [ 0  7  1  0 11  0  6  1  2  1  4  0  1  4  1]
 [ 0  2  0  0  2  0  1  0  2  1  1  0  0  0  0]]

Accuracy: 0.2564
Precision: 0.1702
Recall: 0.2563
F1 Score: 0.1323
