Class: 1

Confusion Matrix:
[[ 0  0  0  0  0  0  0  0  0  0  0  0  0  0  0]
 [ 0  0  0  0  0  0  0  0  0  0  0  0  0  0  0]
 [ 0  0  0  0  1  0  0  0  0  0  0  0  0  0  0]
 [ 0  0  0  1  0  0  0  0  0  0  0  0  0  0  0]
 [ 0  6  2  0 17  1  0  0  0  1  1  0  2  0  1]
 [ 0  0  0  0  0  1  0  0  0  0  0  0  0  0  0]
 [ 0  2  0  1  1  0  7  1  1  0  2  0  0  0  1]
 [ 0  0  0  0  0  0  0  1  0  0  0  0  0  0  0]
 [ 0  0  0  0  0  0  0  0  0  0  0  0  0  0  0]
 [ 0  0  0  0  0  0  0  0  0  0  0  0  0  0  0]
 [ 0  0  0  0  1  0  0  0  0  0  0  0  0  0  0]
 [ 0  7  2  2  2  0  2  0  2  1  2  0  1  0  0]
 [ 0  0  0  0  0  0  0  0  0  0  0  0  0  0  0]
 [ 0  7  0  0 10  0  4  0  5  1  0  0  1  4  1]
 [ 0  0  0  0  0  0  0  0  0  0  0  0  0  0  0]]

Accuracy: 0.2991
Precision: 0.2329
Recall: 0.3032
F1 Score: 0.2177
