Class: 1

Confusion Matrix:
[[ 0  0  0  0  0  0  0  0  0  0  0  0  0  0  0]
 [ 0 11  2  0  7  0  7  1  1  2  3  0  0  3  2]
 [ 0  0  2  0  4  1  0  0  1  0  0  0  0  0  0]
 [ 0  0  0  2  0  0  0  0  0  0  0  0  0  0  0]
 [ 0  0  0  0 10  0  0  0  0  0  0  0  2  0  0]
 [ 0  0  0  0  0  0  0  0  0  0  0  0  0  0  0]
 [ 0  0  0  0  0  0  0  0  0  0  0  0  0  0  0]
 [ 0  0  0  0  0  0  0  0  0  0  0  0  0  0  0]
 [ 0  1  0  0  0  0  0  1  2  0  0  0  0  1  0]
 [ 0  0  0  0  0  0  0  0  0  0  0  0  0  0  0]
 [ 0  0  0  0  3  1  0  0  1  0  1  0  0  0  0]
 [ 0 10  0  2  7  0  7  0  3  0  1  0  2  0  0]
 [ 0  0  0  0  0  0  0  0  0  0  0  0  0  0  0]
 [ 0  0  0  0  0  0  0  0  0  0  0  0  0  0  0]
 [ 0  0  0  0  0  0  0  0  0  1  0  0  0  0  1]]

Accuracy: 0.2479
Precision: 0.1622
Recall: 0.2040
F1 Score: 0.1626
