Class: 0

Confusion Matrix:
[[ 0  0  0  0  0  0  0  0  0  0  0  0  0]
 [ 0 62  0  0  0  3  1  0  0  0  0  0  0]
 [ 0  0  3  0  0  0  0  0  0  0  0  0  0]
 [ 0  3  0  3  0  0  0  0  0  0  0  0  0]
 [ 0  0  0  0  2  1  0  0  0  0  0  0  0]
 [ 0  0  0  0  0 14  0  0  0  0  0  0  0]
 [ 1  2  0  0  0  5  1  0  0  0  0  0  0]
 [ 0  1  0  0  0  1  0  5  0  0  0  0  0]
 [ 0  2  0  0  0  0  0  0  4  0  0  0  0]
 [ 1  1  0  0  0  1  0  0  0  0  0  0  0]
 [ 0  0  0  0  0  0  0  0  0  0  0  0  0]
 [ 0  0  0  0  0  0  0  0  0  0  0  0  0]
 [ 0  0  0  0  0  0  0  0  0  0  0  0  0]]

Accuracy: 0.8034
Precision: 0.6933
Recall: 0.5598
F1 Score: 0.5905
time model 1:  469.4632
time model 2:  278.0215
time model 3:  291.1104
time model 4:  1064.4390
time model 5:  416.9656
time model all:  2520.1748
