Model: 1 | Copy_number: 0
Max_output: 17
Accuracy: 0.0855
Precision: 0.1259
Recall: 0.1964
F1 Score: 0.1247
Confusion Matrix:
0 2 2 0 0 0 1 0 1 8 0 2 0 0 0 6
0 0 1 0 0 0 0 0 0 1 0 0 1 0 0 1
0 0 1 0 0 0 2 0 0 1 0 0 0 0 0 0
0 3 11 0 0 0 0 0 4 9 1 0 0 0 0 4
0 0 0 0 2 0 0 0 0 0 0 0 0 0 0 0
0 1 4 0 0 0 0 0 0 6 0 0 0 0 0 3
0 0 0 0 0 0 1 0 0 0 0 0 0 0 0 1
0 0 1 0 0 0 1 1 2 3 0 0 0 0 0 0
0 0 0 0 0 0 0 0 2 1 0 0 0 0 0 0
0 0 1 0 0 0 0 0 0 3 0 1 0 0 0 0
0 0 0 0 0 0 0 0 0 0 0 0 0 0 0 0
0 1 0 0 0 0 0 0 0 1 0 0 0 0 0 2
0 0 2 0 0 0 0 0 0 1 0 0 0 0 0 1
0 0 0 0 0 0 0 0 1 2 0 0 0 0 0 0
0 0 1 0 0 0 0 1 0 4 0 0 0 0 0 3
0 0 0 0 0 0 0 0 0 1 0 0 0 0 0 0

//////////////////////////////////////////////////////////////////////////////////////////////

Model: 1 | Copy_number: 1
Max_output: 17
Accuracy: 0.0427
Precision: 0.0028
Recall: 0.0667
F1 Score: 0.0055
Confusion Matrix:
0 0 0 0 0 0 0 0 0 22 0 0 0 0 0
0 0 0 0 0 0 0 0 0 4 0 0 0 0 0
0 0 0 0 0 0 0 0 0 4 0 0 0 0 0
0 0 0 0 0 0 0 0 0 32 0 0 0 0 0
0 0 0 0 0 0 0 0 0 2 0 0 0 0 0
0 0 0 0 0 0 0 0 0 14 0 0 0 0 0
0 0 0 0 0 0 0 0 0 2 0 0 0 0 0
0 0 0 0 0 0 0 0 0 8 0 0 0 0 0
0 0 0 0 0 0 0 0 0 3 0 0 0 0 0
0 0 0 0 0 0 0 0 0 5 0 0 0 0 0
0 0 0 0 0 0 0 0 0 4 0 0 0 0 0
0 0 0 0 0 0 0 0 0 4 0 0 0 0 0
0 0 0 0 0 0 0 0 0 3 0 0 0 0 0
0 0 0 0 0 0 0 0 0 9 0 0 0 0 0
0 0 0 0 0 0 0 0 0 1 0 0 0 0 0

//////////////////////////////////////////////////////////////////////////////////////////////

Model: 1 | Copy_number: 2
Max_output: 17
Accuracy: 0.0427
Precision: 0.0028
Recall: 0.0667
F1 Score: 0.0055
Confusion Matrix:
0 0 0 0 0 0 0 0 0 22 0 0 0 0 0
0 0 0 0 0 0 0 0 0 4 0 0 0 0 0
0 0 0 0 0 0 0 0 0 4 0 0 0 0 0
0 0 0 0 0 0 0 0 0 32 0 0 0 0 0
0 0 0 0 0 0 0 0 0 2 0 0 0 0 0
0 0 0 0 0 0 0 0 0 14 0 0 0 0 0
0 0 0 0 0 0 0 0 0 2 0 0 0 0 0
0 0 0 0 0 0 0 0 0 8 0 0 0 0 0
0 0 0 0 0 0 0 0 0 3 0 0 0 0 0
0 0 0 0 0 0 0 0 0 5 0 0 0 0 0
0 0 0 0 0 0 0 0 0 4 0 0 0 0 0
0 0 0 0 0 0 0 0 0 4 0 0 0 0 0
0 0 0 0 0 0 0 0 0 3 0 0 0 0 0
0 0 0 0 0 0 0 0 0 9 0 0 0 0 0
0 0 0 0 0 0 0 0 0 1 0 0 0 0 0

//////////////////////////////////////////////////////////////////////////////////////////////

Model: 1 | Copy_number: 3
Max_output: 17
Accuracy: 0.0427
Precision: 0.0028
Recall: 0.0667
F1 Score: 0.0055
Confusion Matrix:
0 0 0 0 0 0 0 0 0 22 0 0 0 0 0
0 0 0 0 0 0 0 0 0 4 0 0 0 0 0
0 0 0 0 0 0 0 0 0 4 0 0 0 0 0
0 0 0 0 0 0 0 0 0 32 0 0 0 0 0
0 0 0 0 0 0 0 0 0 2 0 0 0 0 0
0 0 0 0 0 0 0 0 0 14 0 0 0 0 0
0 0 0 0 0 0 0 0 0 2 0 0 0 0 0
0 0 0 0 0 0 0 0 0 8 0 0 0 0 0
0 0 0 0 0 0 0 0 0 3 0 0 0 0 0
0 0 0 0 0 0 0 0 0 5 0 0 0 0 0
0 0 0 0 0 0 0 0 0 4 0 0 0 0 0
0 0 0 0 0 0 0 0 0 4 0 0 0 0 0
0 0 0 0 0 0 0 0 0 3 0 0 0 0 0
0 0 0 0 0 0 0 0 0 9 0 0 0 0 0
0 0 0 0 0 0 0 0 0 1 0 0 0 0 0

//////////////////////////////////////////////////////////////////////////////////////////////

Model: 1 | Copy_number: 4
Max_output: 17
Accuracy: 0.0513
Precision: 0.0071
Recall: 0.0600
F1 Score: 0.0126
Confusion Matrix:
0 0 0 0 0 0 0 11 0 11 0 0 0 0 0
0 0 0 0 0 0 0 0 0 4 0 0 0 0 0
0 0 0 0 0 0 0 1 0 3 0 0 0 0 0
0 0 0 0 0 0 0 8 0 24 0 0 0 0 0
0 0 0 0 0 0 0 1 0 1 0 0 0 0 0
0 0 0 0 0 0 0 12 0 2 0 0 0 0 0
0 0 0 0 0 0 0 2 0 0 0 0 0 0 0
0 0 0 0 0 0 0 4 0 4 0 0 0 0 0
0 0 0 0 0 0 0 0 0 3 0 0 0 0 0
0 0 0 0 0 0 0 3 0 2 0 0 0 0 0
0 0 0 0 0 0 0 4 0 0 0 0 0 0 0
0 0 0 0 0 0 0 0 0 4 0 0 0 0 0
0 0 0 0 0 0 0 2 0 1 0 0 0 0 0
0 0 0 0 0 0 0 5 0 4 0 0 0 0 0
0 0 0 0 0 0 0 0 0 1 0 0 0 0 0

//////////////////////////////////////////////////////////////////////////////////////////////

