Model: 2 | Copy_number: 0
Max_output: 19
Accuracy: 0.4017
Precision: 0.1246
Recall: 0.0896
F1 Score: 0.0876
Confusion Matrix:
24 0 0 0 0 0 6 0 0 0 1 0 0 0 0 0
1 0 0 0 0 0 1 0 0 0 0 0 0 0 0 0
0 0 0 0 0 0 0 0 0 0 3 0 0 0 0 0
0 0 0 0 0 0 0 0 0 0 2 0 0 0 0 0
14 0 0 0 6 0 2 0 0 0 0 0 0 0 0 0
0 0 0 0 0 0 0 0 0 0 0 0 3 0 0 0
26 0 0 0 0 0 17 0 0 0 1 0 0 0 0 0
0 0 0 0 0 0 0 0 0 0 0 0 0 0 0 0
0 0 0 0 0 0 0 0 0 0 1 0 0 0 0 0
0 0 0 0 0 0 0 0 0 0 1 0 0 0 0 0
0 0 0 0 0 0 0 0 0 0 0 0 0 0 0 0
0 0 0 0 0 0 0 0 0 0 0 0 1 0 0 0
0 0 0 0 0 0 0 0 0 0 0 0 0 0 0 0
0 0 0 0 0 0 1 0 0 0 2 0 0 0 0 0
1 0 0 0 0 0 0 2 0 0 0 0 0 0 0 0
0 0 0 0 0 0 0 0 0 0 0 0 1 0 0 0

//////////////////////////////////////////////////////////////////////////////////////////////

Model: 2 | Copy_number: 1
Max_output: 19
Accuracy: 0.2906
Precision: 0.2468
Recall: 0.2414
F1 Score: 0.2167
Confusion Matrix:
16 0 0 0 0 0 10 5 0 0 0 0 0 0
0 0 0 0 0 0 0 0 0 0 2 0 0 0
0 0 0 0 0 0 3 0 0 0 0 0 0 0
1 0 0 1 0 0 0 0 0 0 0 0 0 0
6 0 0 0 5 0 6 2 0 0 3 0 0 0
0 0 0 0 0 3 0 0 0 0 0 0 0 0
29 0 0 0 0 0 6 8 0 0 1 0 0 0
0 0 0 0 0 0 0 0 0 0 0 0 0 0
0 0 0 1 0 0 0 0 0 0 0 0 0 0
0 0 0 1 0 0 0 0 0 0 0 0 0 0
0 0 0 0 0 0 1 0 0 0 0 0 0 0
0 0 0 0 0 0 0 0 0 0 0 3 0 0
0 0 0 3 0 0 0 0 0 0 0 0 0 0
0 0 0 0 0 0 0 0 0 0 0 1 0 0

//////////////////////////////////////////////////////////////////////////////////////////////

Model: 2 | Copy_number: 2
Max_output: 19
Accuracy: 0.4359
Precision: 0.2543
Recall: 0.2982
F1 Score: 0.2569
Confusion Matrix:
21 0 0 0 0 0 6 4 0 0 0 0 0 0 0
0 0 0 0 2 0 0 0 0 0 0 0 0 0 0
0 0 0 0 0 0 3 0 0 0 0 0 0 0 0
2 0 0 0 0 0 0 0 0 0 0 0 0 0 0
8 0 0 0 10 0 3 0 0 0 1 0 0 0 0
0 0 0 0 0 3 0 0 0 0 0 0 0 0 0
19 0 0 0 1 0 15 9 0 0 0 0 0 0 0
0 0 0 0 0 0 0 0 0 0 0 0 0 0 0
0 0 0 0 1 0 0 0 0 0 0 0 0 0 0
0 0 0 0 0 0 0 0 0 0 1 0 0 0 0
0 0 0 0 0 0 0 0 0 0 0 0 0 0 0
0 0 0 0 0 0 0 0 0 0 0 1 0 0 0
0 0 0 0 3 0 0 0 0 0 0 0 0 0 0
0 0 0 0 0 0 0 0 0 0 0 0 0 0 3
0 0 0 0 0 0 0 0 0 0 0 0 0 0 1

//////////////////////////////////////////////////////////////////////////////////////////////

Model: 2 | Copy_number: 3
Max_output: 19
Accuracy: 0.3333
Precision: 0.2594
Recall: 0.3095
F1 Score: 0.2214
Confusion Matrix:
19 0 0 2 0 0 6 4 0 0 0 0 0 0
0 0 0 2 0 0 0 0 0 0 0 0 0 0
0 0 0 1 0 0 2 0 0 0 0 0 0 0
0 0 0 2 0 0 0 0 0 0 0 0 0 0
3 0 0 2 4 2 7 3 0 0 1 0 0 0
0 0 0 0 0 3 0 0 0 0 0 0 0 0
24 0 0 2 1 0 9 8 0 0 0 0 0 0
0 0 0 0 0 0 0 0 0 0 0 0 0 0
0 0 0 0 0 0 1 0 0 0 0 0 0 0
0 0 0 0 0 0 1 0 0 0 0 0 0 0
0 0 0 0 0 0 0 0 0 0 1 0 0 0
0 0 0 0 0 2 0 0 0 0 0 1 0 0
3 0 0 0 0 0 0 0 0 0 0 0 0 0
0 0 0 0 0 0 1 0 0 0 0 0 0 0

//////////////////////////////////////////////////////////////////////////////////////////////

Model: 2 | Copy_number: 4
Max_output: 19
Accuracy: 0.4615
Precision: 0.1472
Recall: 0.1702
F1 Score: 0.1026
Confusion Matrix:
14 0 0 0 0 0 13 2 2 0 0 0 0 0
0 0 0 0 0 0 2 0 0 0 0 0 0 0
0 0 0 0 0 0 3 0 0 0 0 0 0 0
0 0 0 0 0 0 2 0 0 0 0 0 0 0
16 0 0 0 2 0 4 0 0 0 0 0 0 0
0 0 0 0 0 0 0 0 3 0 0 0 0 0
5 0 0 0 0 0 37 2 0 0 0 0 0 0
0 0 0 0 0 0 0 0 0 0 0 0 0 0
0 0 0 0 0 0 0 0 1 0 0 0 0 0
0 0 0 0 0 0 0 0 1 0 0 0 0 0
0 0 0 0 0 0 1 0 0 0 0 0 0 0
0 0 0 0 0 0 3 0 0 0 0 0 0 0
0 0 0 0 0 0 0 0 3 0 0 0 0 0
0 0 0 0 0 0 0 0 1 0 0 0 0 0

//////////////////////////////////////////////////////////////////////////////////////////////

